<?xml version="1.0" encoding="UTF-8"?>
<testng-results skipped="0" failed="0" total="1" passed="1">
  <reporter-output>
  </reporter-output>
  <suite name="Default suite" duration-ms="32695" started-at="2017-05-21T07:08:58Z" finished-at="2017-05-21T07:09:30Z">
    <groups>
    </groups>
    <test name="Default test" duration-ms="32695" started-at="2017-05-21T07:08:58Z" finished-at="2017-05-21T07:09:30Z">
      <class name="robotpak.robotcls">
        <test-method status="PASS" signature="set()[pri:0, instance:robotpak.robotcls@12843fce]" name="set" duration-ms="32680" started-at="2017-05-21T12:38:58Z" finished-at="2017-05-21T12:39:30Z">
          <reporter-output>
          </reporter-output>
        </test-method> <!-- set -->
      </class> <!-- robotpak.robotcls -->
    </test> <!-- Default test -->
  </suite> <!-- Default suite -->
</testng-results>
